-------------------------------------------------------------------
Timestamp: 2018-1-13
Number of guessed Characters (last time): 1 (6.66667%)
Number of tries: 2
-------------------------------------------------------------------
Timestamp: 2018-1-13
Number of guessed Characters (last time): 2 (11.1111%)
Number of tries: 3
-------------------------------------------------------------------
Timestamp: 2018-1-13
Number of guessed Characters (last time): 3 (100%)
Number of tries: 3
-------------------------------------------------------------------
Timestamp: 2018-1-13
Number of guessed Characters (last time): 0 (0%)
Number of tries: 1
-------------------------------------------------------------------
Timestamp: 2018-1-13
Number of guessed Characters (last time): 1 (33.3333%)
Number of tries: 2
-------------------------------------------------------------------
Timestamp: 2018-1-13
Number of guessed Characters (last time): 1 (33.3333%)
Number of tries: 1
-------------------------------------------------------------------
Timestamp: 2018-1-13
Number of guessed Characters (last time): 1 (100%)
Number of tries: 2
-------------------------------------------------------------------
Timestamp: 2018-1-13
Number of guessed Characters (last time): 1 (100%)
Number of tries: 1
-------------------------------------------------------------------
Timestamp: 2018-1-13
Number of guessed Characters (last time): 1 (100%)
Number of tries: 1
-------------------------------------------------------------------
Timestamp: 2018-1-13
Number of guessed Characters (last time): 2 (100%)
Number of tries: 2
-------------------------------------------------------------------
Timestamp: 2018-1-13
Number of guessed Characters (last time): 0 (0%)
Number of tries: 11
-------------------------------------------------------------------
Timestamp: 2018-1-13
Number of guessed Characters (last time): 2 (100%)
Number of tries: 2
-------------------------------------------------------------------
Timestamp: 2018-1-13
Number of guessed Characters (last time): 2 (100%)
Number of tries: 1
-------------------------------------------------------------------
Timestamp: 2018-1-13
Number of guessed Characters (last time): 1 (50%)
Number of tries: 1
-------------------------------------------------------------------
Timestamp: 2018-1-13
Number of guessed Characters (last time): 2 (100%)
Number of tries: 1
-------------------------------------------------------------------
Timestamp: 2018-1-13
Number of guessed Characters (last time): 0 (0%)
Number of tries: 1
-------------------------------------------------------------------
Timestamp: 2018-1-13
Number of guessed Characters (last time): 2 (100%)
Number of tries: 2
-------------------------------------------------------------------
Timestamp: 2018-1-13
Number of guessed Characters (last time): 2 (100%)
Number of tries: 1
-------------------------------------------------------------------
Timestamp: 2018-1-13
Number of guessed Characters (last time): 1 (50%)
Number of tries: 1
-------------------------------------------------------------------
Timestamp: 2018-1-13
Number of guessed Characters (last time): 0 (0%)
Number of tries: 0
-------------------------------------------------------------------
Timestamp: 2018-1-13
Number of guessed Characters (last time): 1 (100%)
Number of tries: 1
-------------------------------------------------------------------
Timestamp: 2018-1-13
Number of guessed Characters (last time): 0 (0%)
Number of tries: 0
-------------------------------------------------------------------
Timestamp: 2018-1-13
Number of guessed Characters (last time): 0 (0%)
Number of tries: 0
-------------------------------------------------------------------
Timestamp: 2018-1-13
Number of guessed Characters (last time): 0 (0%)
Number of tries: 0
-------------------------------------------------------------------
Timestamp: 2018-1-13
Number of guessed Characters (last time): 1 (100%)
Number of tries: 1
-------------------------------------------------------------------
Timestamp: 2018-1-13
Number of guessed Characters (last time): 1 (100%)
Number of tries: 5
-------------------------------------------------------------------
Timestamp: 2018-1-13
Number of guessed Characters (last time): 0 (0%)
Number of tries: 0
-------------------------------------------------------------------
Timestamp: 2018-1-13
Number of guessed Characters (last time): 1 (100%)
Number of tries: 4
-------------------------------------------------------------------
Timestamp: 2018-1-13
Number of guessed Characters (last time): 1 (100%)
Number of tries: 77
-------------------------------------------------------------------
Timestamp: 2018-1-13
Number of guessed Characters (last time): 1 (100%)
Number of tries: 1
-------------------------------------------------------------------
Timestamp: 2018-1-13
Number of guessed Characters (last time): 0 (0%)
Number of tries: 0
-------------------------------------------------------------------
Timestamp: 2018-1-13
Number of guessed Characters (last time): 1 (100%)
Number of tries: 5
-------------------------------------------------------------------
Timestamp: 2018-1-13
Number of guessed Characters (last time): 1 (100%)
Number of tries: 9
-------------------------------------------------------------------
Timestamp: 2018-1-13
Number of guessed Characters (last time): 1 (100%)
Number of tries: 82
-------------------------------------------------------------------
Timestamp: 2018-1-13
Number of guessed Characters (last time): 1 (100%)
Number of tries: 1
-------------------------------------------------------------------
Timestamp: 2018-1-13
Number of guessed Characters (last time): 1 (50%)
Number of tries: 86
-------------------------------------------------------------------
Timestamp: 2018-1-13
Number of guessed Characters (last time): 0 (0%)
Number of tries: 350
-------------------------------------------------------------------
Timestamp: 2018-1-13
Number of guessed Characters (last time): 0 (0%)
Number of tries: 936
-------------------------------------------------------------------
Timestamp: 2018-1-13
Number of guessed Characters (last time): 0 (0%)
Number of tries: 0
-------------------------------------------------------------------
Timestamp: 2018-1-13
Number of guessed Characters (last time): 1 (50%)
Number of tries: 169
-------------------------------------------------------------------
Timestamp: 2018-1-13
Number of guessed Characters (last time): 1 (50%)
Number of tries: 85
-------------------------------------------------------------------
Timestamp: 2018-1-13
Number of guessed Characters (last time): 0 (0%)
Number of tries: 166
-------------------------------------------------------------------
Timestamp: 2018-1-13
Number of guessed Characters (last time): 1 (50%)
Number of tries: 85
-------------------------------------------------------------------
Timestamp: 2018-1-13
Number of guessed Characters (last time): 1 (50%)
Number of tries: 85
-------------------------------------------------------------------
Timestamp: 2018-1-13
Number of guessed Characters (last time): 0 (0%)
Number of tries: 0
-------------------------------------------------------------------
Timestamp: 2018-1-13
Number of guessed Characters (last time): 0 (0%)
Number of tries: 85
-------------------------------------------------------------------
Timestamp: 2018-1-13
Number of guessed Characters (last time): 0 (0%)
Number of tries: 159
-------------------------------------------------------------------
Timestamp: 2018-1-13
Number of guessed Characters (last time): 0 (0%)
Number of tries: 0
-------------------------------------------------------------------
Timestamp: 2018-1-13
Number of guessed Characters (last time): 0 (0%)
Number of tries: 277
-------------------------------------------------------------------
Timestamp: 2018-1-13
Number of guessed Characters (last time): 0 (0%)
Number of tries: 148
-------------------------------------------------------------------
Timestamp: 2018-1-13
Number of guessed Characters (last time): 0 (0%)
Number of tries: 162
-------------------------------------------------------------------
Timestamp: 2018-1-13
Number of guessed Characters (last time): 0 (0%)
Number of tries: 244
-------------------------------------------------------------------
Timestamp: 2018-1-13
Number of guessed Characters (last time): 1 (50%)
Number of tries: 156
-------------------------------------------------------------------
Timestamp: 2018-1-13
Number of guessed Characters (last time): 0 (0%)
Number of tries: 101
-------------------------------------------------------------------
Timestamp: 2018-1-13
Number of guessed Characters (last time): 1 (50%)
Number of tries: 84
-------------------------------------------------------------------
Timestamp: 2018-1-13
Number of guessed Characters (last time): 0 (0%)
Number of tries: 84
-------------------------------------------------------------------
Timestamp: 2018-1-13
Number of guessed Characters (last time): 0 (0%)
Number of tries: 84
-------------------------------------------------------------------
Timestamp: 2018-1-13
Number of guessed Characters (last time): 1 (50%)
Number of tries: 84
-------------------------------------------------------------------
Timestamp: 2018-1-13
Number of guessed Characters (last time): 0 (0%)
Number of tries: 84
-------------------------------------------------------------------
Timestamp: 2018-1-13
Number of guessed Characters (last time): 0 (0%)
Number of tries: 138
-------------------------------------------------------------------
Timestamp: 2018-1-17
Number of guessed Characters (last time): 0 (0%)
Number of tries: 381
-------------------------------------------------------------------
Timestamp: 2018-1-17
Number of guessed Characters (last time): 0 (0%)
Number of tries: 15
-------------------------------------------------------------------
Timestamp: 2018-1-17
Number of guessed Characters (last time): 0 (0%)
Number of tries: 386
-------------------------------------------------------------------
Timestamp: 2018-1-17
Number of guessed Characters (last time): 0 (0%)
Number of tries: 0
-------------------------------------------------------------------
Timestamp: 2018-1-17
Number of guessed Characters (last time): 2 (100%)
Number of tries: 397
-------------------------------------------------------------------
Timestamp: 2018-1-17
Number of guessed Characters (last time): 4 (100%)
Number of tries: 1080
-------------------------------------------------------------------
Timestamp: 2018-1-18
Number of guessed Characters (last time): 5 (100%)
Number of tries: 1361
-------------------------------------------------------------------
Timestamp: 2018-1-18
Number of guessed Characters (last time): 1 (100%)
Number of tries: 2
-------------------------------------------------------------------
Timestamp: 2018-1-18
Number of guessed Characters (last time): 0 (0%)
Number of tries: 96
-------------------------------------------------------------------
Timestamp: 2018-1-18
Number of guessed Characters (last time): 0 (0%)
Number of tries: 173
-------------------------------------------------------------------
Timestamp: 2018-1-18
Number of guessed Characters (last time): 0 (0%)
Number of tries: 38
-------------------------------------------------------------------
Timestamp: 2018-1-18
Number of guessed Characters (last time): 0 (0%)
Number of tries: 84
-------------------------------------------------------------------
Timestamp: 2018-1-18
Number of guessed Characters (last time): 0 (0%)
Number of tries: 84
-------------------------------------------------------------------
Timestamp: 2018-1-20
Number of guessed Characters (last time): 1 (7.14286%)
Number of tries: 125
-------------------------------------------------------------------
Timestamp: 2018-1-20
Number of guessed Characters (last time): 0 (0%)
Number of tries: 0
-------------------------------------------------------------------
Timestamp: 2018-1-20
Number of guessed Characters (last time): 0 (0%)
Number of tries: 1398
-------------------------------------------------------------------
Timestamp: 2018-1-20
Number of guessed Characters (last time): 10 (71.4286%)
Number of tries: 1305
-------------------------------------------------------------------
Timestamp: 2018-1-20
Number of guessed Characters (last time): 0 (0%)
Number of tries: 161
-------------------------------------------------------------------
Timestamp: 2018-1-20
Number of guessed Characters (last time): 0 (0%)
Number of tries: 188
-------------------------------------------------------------------
Timestamp: 2018-1-20
Number of guessed Characters (last time): 0 (0%)
Number of tries: 0
-------------------------------------------------------------------
Timestamp: 2018-1-20
Number of guessed Characters (last time): 5 (35.7143%)
Number of tries: 1198
